<?xml version="1.0" encoding="UTF-8"?>
<!-- Generated by org.testng.reporters.JUnitReportReporter -->
<testsuite skipped="0" hostname="Abe-laptop" name="scripts.CarvanaTest" tests="6" failures="0" timestamp="2022-06-20T13:37:39 CDT" time="70.422" errors="0">
  <testcase name="testCarvanaTitleAndUrl" time="7.507" classname="scripts.CarvanaTest"/>
  <system-out/>
  <testcase name="testCarvanaLogo" time="7.575" classname="scripts.CarvanaTest"/>
  <system-out/>
  <testcase name="testMainNavigation" time="7.597" classname="scripts.CarvanaTest"/>
  <system-out/>
  <testcase name="testSignErrorMessage" time="8.738" classname="scripts.CarvanaTest"/>
  <system-out/>
  <testcase name="testSearchFilterOptionsAndSearchButton" time="15.098" classname="scripts.CarvanaTest"/>
  <system-out/>
  <testcase name="testSearchResultTitles" time="23.907" classname="scripts.CarvanaTest"/>
  <system-out/>
</testsuite> <!-- scripts.CarvanaTest -->
